{"synthetic": false,
 "schemaVersion": "2025-09-10",
 "outputs":
 {"o": ["7491fbab3eeb1058.olean"],
  "m": false,
  "i": "e2943302f223b251.ilean",
  "c": "102ebcf2eeded075.c"},
 "log":
 [{"message":
   ".> LEAN_PATH=/Users/littlesail/whale/LeanProjects/Startup/.lake/build/lib/lean /Users/littlesail/.elan/toolchains/leanprover--lean4---v4.30.0/bin/lean /Users/littlesail/whale/LeanProjects/Startup/MyProject/Basic.lean -o /Users/littlesail/whale/LeanProjects/Startup/.lake/build/lib/lean/MyProject/Basic.olean -i /Users/littlesail/whale/LeanProjects/Startup/.lake/build/lib/lean/MyProject/Basic.ilean -c /Users/littlesail/whale/LeanProjects/Startup/.lake/build/ir/MyProject/Basic.c --setup /Users/littlesail/whale/LeanProjects/Startup/.lake/build/ir/MyProject/Basic.setup.json --json",
   "level": "trace"}],
 "inputs":
 [["MyProject.Basic:deps",
   [["deps",
     [["myProject/MyProject:extraDep",
       [["@myProject:extraDep", "00000000000006bb"]]],
      ["imports", "00000000000006bb"]]],
    ["libs",
     [["import dynlibs", "00000000000006bb"],
      ["package external libraries", "00000000000006bb"],
      ["module dynlibs", "00000000000006bb"],
      ["module plugins", "00000000000006bb"]]]]],
  ["Lean 4.30.0, commit d024af099ca4bf2c86f649261ebf59565dc8c622",
   "2f4703bb19086252"],
  ["/Users/littlesail/whale/LeanProjects/Startup/MyProject/Basic.lean",
   "cef957cc4e4f364e"],
  ["options", "00000000000006bb"],
  ["isModule: false", "feefd2a0d3a1847e"],
  ["Module.name: MyProject.Basic", "ef19321681085da2"],
  ["Package.id?: (some myProject)", "93f960bbe3c5410f"],
  ["Module.leanArgs: #[]", "00000000000006bb"]],
 "depHash": "6572dedf6046a49c"}