{"synthetic": false,
 "schemaVersion": "2025-09-10",
 "outputs":
 {"o": ["e9f49e5347ce6a7f.olean"],
  "m": false,
  "i": "e38c16e6667d0a3c.ilean",
  "c": "7b4e880bfc12b276.c"},
 "log":
 [{"message":
   ".> LEAN_PATH=/Users/littlesail/whale/LeanProjects/Startup/.lake/build/lib/lean /Users/littlesail/.elan/toolchains/leanprover--lean4---v4.30.0/bin/lean /Users/littlesail/whale/LeanProjects/Startup/MyProject/Theorems.lean -o /Users/littlesail/whale/LeanProjects/Startup/.lake/build/lib/lean/MyProject/Theorems.olean -i /Users/littlesail/whale/LeanProjects/Startup/.lake/build/lib/lean/MyProject/Theorems.ilean -c /Users/littlesail/whale/LeanProjects/Startup/.lake/build/ir/MyProject/Theorems.c --setup /Users/littlesail/whale/LeanProjects/Startup/.lake/build/ir/MyProject/Theorems.setup.json --json",
   "level": "trace"}],
 "inputs":
 [["MyProject.Theorems:deps",
   [["deps",
     [["myProject/MyProject:extraDep",
       [["@myProject:extraDep", "00000000000006bb"]]],
      ["imports",
       [["MyProject.Basic transitive imports (legacy)", "00000000000006bb"],
        ["MyProject.Basic:importAllArts", "087c488e84bad902"]]]]],
    ["libs",
     [["import dynlibs", "00000000000006bb"],
      ["package external libraries", "00000000000006bb"],
      ["module dynlibs", "00000000000006bb"],
      ["module plugins", "00000000000006bb"]]]]],
  ["Lean 4.30.0, commit d024af099ca4bf2c86f649261ebf59565dc8c622",
   "2f4703bb19086252"],
  ["/Users/littlesail/whale/LeanProjects/Startup/MyProject/Theorems.lean",
   "6386562961501ea1"],
  ["options", "00000000000006bb"],
  ["isModule: false", "feefd2a0d3a1847e"],
  ["Module.name: MyProject.Theorems", "408fce21124c9992"],
  ["Package.id?: (some myProject)", "93f960bbe3c5410f"],
  ["Module.leanArgs: #[]", "00000000000006bb"]],
 "depHash": "178d8f4d942f04dd"}