{"synthetic": false,
 "schemaVersion": "2025-09-10",
 "outputs":
 {"o": ["be466eafc37839bc.olean"],
  "m": false,
  "i": "44cf9c14c4d0a82a.ilean",
  "c": "e63643e8470ed96e.c"},
 "log":
 [{"message":
   ".> LEAN_PATH=/Users/littlesail/whale/LeanProjects/Startup/.lake/build/lib/lean /Users/littlesail/.elan/toolchains/leanprover--lean4---v4.30.0/bin/lean /Users/littlesail/whale/LeanProjects/Startup/Main.lean -o /Users/littlesail/whale/LeanProjects/Startup/.lake/build/lib/lean/Main.olean -i /Users/littlesail/whale/LeanProjects/Startup/.lake/build/lib/lean/Main.ilean -c /Users/littlesail/whale/LeanProjects/Startup/.lake/build/ir/Main.c --setup /Users/littlesail/whale/LeanProjects/Startup/.lake/build/ir/Main.setup.json --json",
   "level": "trace"}],
 "inputs":
 [["Main:deps",
   [["deps",
     [["myProject/myproject:extraDep",
       [["@myProject:extraDep", "00000000000006bb"]]],
      ["imports",
       [["MyProject.Basic transitive imports (legacy)", "00000000000006bb"],
        ["MyProject.Basic:importAllArts", "087c488e84bad902"],
        ["MyProject.Theorems transitive imports (legacy)", "59dcb5f20d7792b6"],
        ["MyProject.Theorems:importAllArts", "8f10e1df440e17ae"]]]]],
    ["libs",
     [["import dynlibs", "00000000000006bb"],
      ["package external libraries", "00000000000006bb"],
      ["module dynlibs", "00000000000006bb"],
      ["module plugins", "00000000000006bb"]]]]],
  ["Lean 4.30.0, commit d024af099ca4bf2c86f649261ebf59565dc8c622",
   "2f4703bb19086252"],
  ["/Users/littlesail/whale/LeanProjects/Startup/Main.lean",
   "a4880702c437c19d"],
  ["options", "00000000000006bb"],
  ["isModule: false", "feefd2a0d3a1847e"],
  ["Module.name: Main", "f2a1fd945cf30c62"],
  ["Package.id?: (some myProject)", "93f960bbe3c5410f"],
  ["Module.leanArgs: #[]", "00000000000006bb"]],
 "depHash": "60882be74c32cbc2"}